TN:
SF:src/mueble.ts
FN:11,<instance_members_initializer>
FN:13,Mueble
FNF:2
FNH:2
FNDA:2,<instance_members_initializer>
FNDA:2,Mueble
DA:1,1
DA:2,1
DA:3,1
DA:4,1
DA:5,1
DA:6,1
DA:7,1
DA:8,1
DA:9,1
DA:10,1
DA:11,1
DA:12,2
DA:13,2
DA:14,2
DA:15,2
DA:16,2
LF:16
LH:16
BRDA:11,0,0,2
BRDA:13,1,0,2
BRF:2
BRH:2
end_of_record
TN:
SF:src/persona.ts
FN:10,<instance_members_initializer>
FN:11,Persona
FNF:2
FNH:2
FNDA:2,<instance_members_initializer>
FNDA:2,Persona
DA:1,1
DA:2,1
DA:3,1
DA:4,1
DA:5,1
DA:6,1
DA:7,1
DA:8,1
DA:9,1
DA:10,1
DA:11,2
DA:12,2
LF:12
LH:12
BRDA:10,0,0,2
BRDA:11,1,0,2
BRF:2
BRH:2
end_of_record
TN:
SF:src/stock.ts
FN:29,<instance_members_initializer>
FN:36,Stock
FN:48,GetCantidad
FN:56,GetMueble
FN:60,NuevoCliente
FN:64,NuevoProveedor
FN:69,GetClienteID
FN:77,GetProveedorID
FN:85,GetTransaccionID
FN:93,GetMuebleID
FN:102,crearCliente
FN:137,AddMueble
FN:155,QuitarMueble
FN:184,CrearMueble
FN:208,RemoverDeStock
FN:240,AñadiendoDeStock
FN:264,Ordenacion
FN:311,Informes
FN:348,BuscarCliente
FN:378,BuscarProveedor
FNF:20
FNH:17
FNDA:1,<instance_members_initializer>
FNDA:1,Stock
FNDA:13,GetCantidad
FNDA:2,GetMueble
FNDA:1,NuevoCliente
FNDA:1,NuevoProveedor
FNDA:4,GetClienteID
FNDA:4,GetProveedorID
FNDA:1,GetTransaccionID
FNDA:2,GetMuebleID
FNDA:0,crearCliente
FNDA:5,AddMueble
FNDA:6,QuitarMueble
FNDA:2,CrearMueble
FNDA:4,RemoverDeStock
FNDA:3,AñadiendoDeStock
FNDA:1,Ordenacion
FNDA:0,Informes
FNDA:4,BuscarCliente
FNDA:0,BuscarProveedor
DA:1,1
DA:2,1
DA:3,1
DA:4,1
DA:5,1
DA:6,1
DA:7,1
DA:8,1
DA:9,1
DA:10,1
DA:11,1
DA:12,1
DA:13,1
DA:14,1
DA:15,1
DA:16,1
DA:17,1
DA:18,1
DA:19,1
DA:20,1
DA:21,1
DA:22,1
DA:23,1
DA:24,1
DA:25,1
DA:26,1
DA:27,1
DA:28,1
DA:29,1
DA:30,1
DA:31,1
DA:32,1
DA:33,1
DA:34,1
DA:35,1
DA:36,1
DA:37,1
DA:38,1
DA:39,1
DA:40,1
DA:41,1
DA:42,1
DA:43,1
DA:44,1
DA:45,1
DA:46,1
DA:47,1
DA:48,1
DA:49,13
DA:50,12
DA:51,12
DA:52,1
DA:53,1
DA:54,1
DA:55,1
DA:56,1
DA:57,2
DA:58,2
DA:59,1
DA:60,1
DA:61,1
DA:62,1
DA:63,1
DA:64,1
DA:65,1
DA:66,1
DA:67,1
DA:68,1
DA:69,1
DA:70,4
DA:71,4
DA:72,7
DA:73,7
DA:74,7
DA:75,4
DA:76,4
DA:77,1
DA:78,4
DA:79,4
DA:80,7
DA:81,7
DA:82,7
DA:83,4
DA:84,4
DA:85,1
DA:86,1
DA:87,1
DA:88,1
DA:89,1
DA:90,1
DA:91,1
DA:92,1
DA:93,1
DA:94,2
DA:95,2
DA:96,3
DA:97,3
DA:98,3
DA:99,2
DA:100,2
DA:101,1
DA:102,1
DA:103,0
DA:104,0
DA:105,0
DA:106,0
DA:107,0
DA:108,0
DA:109,0
DA:110,0
DA:111,0
DA:112,0
DA:113,0
DA:114,0
DA:115,0
DA:116,0
DA:117,0
DA:118,0
DA:119,0
DA:120,0
DA:121,0
DA:122,0
DA:123,0
DA:124,0
DA:125,0
DA:126,0
DA:127,0
DA:128,0
DA:129,0
DA:130,1
DA:131,1
DA:132,1
DA:133,1
DA:134,1
DA:135,1
DA:136,1
DA:137,1
DA:138,5
DA:139,4
DA:140,4
DA:141,3
DA:142,3
DA:143,3
DA:144,4
DA:145,1
DA:146,1
DA:147,1
DA:148,1
DA:149,1
DA:150,1
DA:151,1
DA:152,1
DA:153,1
DA:154,1
DA:155,1
DA:156,6
DA:157,5
DA:158,5
DA:159,4
DA:160,3
DA:161,3
DA:162,4
DA:163,1
DA:164,1
DA:165,1
DA:166,4
DA:167,5
DA:168,1
DA:169,1
DA:170,1
DA:171,1
DA:172,1
DA:173,1
DA:174,1
DA:175,1
DA:176,1
DA:177,1
DA:178,1
DA:179,1
DA:180,1
DA:181,1
DA:182,1
DA:183,1
DA:184,1
DA:185,2
DA:186,2
DA:187,2
DA:188,1
DA:189,1
DA:190,1
DA:191,1
DA:192,2
DA:193,2
DA:194,1
DA:195,1
DA:196,1
DA:197,1
DA:198,1
DA:199,2
DA:200,1
DA:201,1
DA:202,1
DA:203,1
DA:204,1
DA:205,1
DA:206,1
DA:207,1
DA:208,1
DA:209,4
DA:210,4
DA:211,4
DA:212,4
DA:213,4
DA:214,2
DA:215,2
DA:216,2
DA:217,2
DA:218,2
DA:219,2
DA:220,2
DA:221,2
DA:222,2
DA:223,4
DA:224,1
DA:225,1
DA:226,1
DA:227,1
DA:228,2
DA:229,2
DA:230,2
DA:231,2
DA:232,1
DA:233,1
DA:234,1
DA:235,1
DA:236,1
DA:237,1
DA:238,1
DA:239,1
DA:240,1
DA:241,3
DA:242,3
DA:243,3
DA:244,3
DA:245,3
DA:246,2
DA:247,2
DA:248,2
DA:249,2
DA:250,2
DA:251,2
DA:252,2
DA:253,2
DA:254,2
DA:255,3
DA:256,1
DA:257,1
DA:258,1
DA:259,1
DA:260,2
DA:261,2
DA:262,2
DA:263,1
DA:264,1
DA:265,1
DA:266,1
DA:267,1
DA:268,1
DA:269,1
DA:270,1
DA:271,2
DA:272,2
DA:273,2
DA:274,3
DA:275,2
DA:276,2
DA:277,3
DA:278,2
DA:279,2
DA:280,1
DA:281,1
DA:282,1
DA:283,1
DA:284,1
DA:285,1
DA:286,1
DA:287,1
DA:288,1
DA:289,1
DA:290,1
DA:291,1
DA:292,1
DA:293,1
DA:294,1
DA:295,1
DA:296,1
DA:297,1
DA:298,1
DA:299,1
DA:300,1
DA:301,1
DA:302,1
DA:303,1
DA:304,1
DA:305,1
DA:306,1
DA:307,1
DA:308,1
DA:309,1
DA:310,1
DA:311,1
DA:312,0
DA:313,0
DA:314,0
DA:315,0
DA:316,0
DA:317,0
DA:318,0
DA:319,0
DA:320,0
DA:321,0
DA:322,0
DA:323,0
DA:324,0
DA:325,0
DA:326,0
DA:327,0
DA:328,0
DA:329,0
DA:330,0
DA:331,0
DA:332,0
DA:333,0
DA:334,0
DA:335,0
DA:336,0
DA:337,0
DA:338,0
DA:339,0
DA:340,0
DA:341,0
DA:342,0
DA:343,0
DA:344,0
DA:345,0
DA:346,1
DA:347,1
DA:348,1
DA:349,4
DA:350,1
DA:351,1
DA:352,1
DA:353,1
DA:354,1
DA:355,4
DA:356,1
DA:357,1
DA:358,1
DA:359,1
DA:360,1
DA:361,3
DA:362,1
DA:363,1
DA:364,1
DA:365,1
DA:366,1
DA:367,1
DA:368,1
DA:369,1
DA:370,1
DA:371,1
DA:372,1
DA:373,4
DA:374,0
DA:375,0
DA:376,1
DA:377,1
DA:378,1
DA:379,0
DA:380,0
DA:381,0
DA:382,0
DA:383,0
DA:384,0
DA:385,0
DA:386,0
DA:387,0
DA:388,0
DA:389,0
DA:390,0
DA:391,0
DA:392,0
DA:393,0
DA:394,0
DA:395,0
DA:396,0
DA:397,0
DA:398,0
DA:399,0
DA:400,0
DA:401,0
DA:402,0
DA:403,0
DA:404,0
DA:405,0
DA:406,1
DA:407,1
LF:407
LH:317
BRDA:29,0,0,1
BRDA:36,1,0,1
BRDA:48,2,0,13
BRDA:49,3,0,12
BRDA:52,4,0,1
BRDA:56,5,0,2
BRDA:60,6,0,1
BRDA:64,7,0,1
BRDA:69,8,0,4
BRDA:71,9,0,7
BRDA:73,10,0,4
BRDA:77,11,0,4
BRDA:79,12,0,7
BRDA:81,13,0,4
BRDA:85,14,0,1
BRDA:93,15,0,2
BRDA:95,16,0,3
BRDA:97,17,0,2
BRDA:137,18,0,5
BRDA:138,19,0,1
BRDA:139,20,0,4
BRDA:140,21,0,3
BRDA:145,22,0,1
BRDA:155,23,0,6
BRDA:156,24,0,1
BRDA:157,25,0,5
BRDA:158,26,0,4
BRDA:159,27,0,3
BRDA:162,28,0,1
BRDA:168,29,0,1
BRDA:184,30,0,2
BRDA:187,31,0,1
BRDA:193,32,0,1
BRDA:208,33,0,4
BRDA:212,34,0,3
BRDA:212,35,0,2
BRDA:214,36,0,2
BRDA:223,37,0,1
BRDA:228,38,0,2
BRDA:240,39,0,3
BRDA:244,40,0,1
BRDA:246,41,0,2
BRDA:255,42,0,1
BRDA:260,43,0,2
BRDA:264,44,0,1
BRDA:270,45,0,2
BRDA:273,46,0,3
BRDA:274,47,0,2
BRDA:348,48,0,4
BRDA:349,49,0,1
BRDA:355,50,0,3
BRDA:355,51,0,1
BRDA:361,52,0,2
BRDA:361,53,0,1
BRDA:373,54,0,0
BRF:55
BRH:54
end_of_record
